Base path: /Applications/Unity/Unity.app/Contents
Pipe name: \\.\pipe\UnityShaderCompiler-1--1398502872
Cmd: getPlatforms
Cmd: preprocess
  insize=1934 outsize=930 ok=1
Cmd: compileSnippet
  api=0 type=0 insize=1306 outsize=441 kw= ok=1
Cmd: compileSnippet
  api=0 type=1 insize=1306 outsize=379 kw= ok=1
Cmd: preprocess
  insize=514 outsize=514 ok=1
Cmd: preprocess
  insize=2002 outsize=931 ok=1
Cmd: compileSnippet
  api=0 type=0 insize=1373 outsize=441 kw= ok=1
Cmd: compileSnippet
  api=0 type=1 insize=1373 outsize=342 kw= ok=1
Cmd: preprocess
  insize=569 outsize=569 ok=1
Cmd: preprocess
  insize=422 outsize=422 ok=1
Cmd: preprocess
  insize=558 outsize=558 ok=1
Cmd: preprocess
  insize=1754 outsize=929 ok=1
Cmd: compileSnippet
  api=0 type=0 insize=1126 outsize=441 kw= ok=1
Cmd: compileSnippet
  api=0 type=1 insize=1126 outsize=297 kw= ok=1
Cmd: preprocess
  insize=1294 outsize=492 ok=1
Cmd: compileSnippet
  api=0 type=0 insize=1104 outsize=360 kw= ok=1
Cmd: compileSnippet
  api=0 type=1 insize=1104 outsize=464 kw= ok=1
Cmd: preprocess
  insize=1772 outsize=993 ok=1
Cmd: compileSnippet
  api=0 type=0 insize=1081 outsize=397 kw= ok=1
Cmd: compileSnippet
  api=0 type=1 insize=1081 outsize=299 kw= ok=1
Cmd: preprocess
  insize=1934 outsize=930 ok=1
Cmd: preprocess
  insize=2002 outsize=931 ok=1
Cmd: preprocess
  insize=569 outsize=569 ok=1
Cmd: preprocess
  insize=1754 outsize=929 ok=1
Cmd: preprocess
  insize=219 outsize=219 ok=1
Cmd: preprocess
  insize=2367 outsize=899 ok=1
Cmd: preprocess
  insize=1571 outsize=492 ok=1
Cmd: preprocess
  insize=2355 outsize=505 ok=1
Cmd: preprocess
  insize=1989 outsize=503 ok=1
Cmd: preprocess
  insize=480 outsize=480 ok=1
Cmd: preprocess
  insize=2810 outsize=895 ok=1
Cmd: preprocess
  insize=2443 outsize=893 ok=1
Cmd: preprocess
  insize=1452 outsize=830 ok=1
Cmd: preprocess
  insize=2734 outsize=900 ok=1
Cmd: preprocess
  insize=1920 outsize=893 ok=1
Cmd: preprocess
  insize=1453 outsize=503 ok=1
Cmd: preprocess
  insize=3042 outsize=1804 ok=1
Cmd: preprocess
  insize=1834 outsize=899 ok=1
Cmd: preprocess
  insize=2474 outsize=494 ok=1
Cmd: preprocess
  insize=435 outsize=435 ok=1
Cmd: preprocess
  insize=1458 outsize=859 ok=1
Cmd: preprocess
  insize=5978 outsize=3431 ok=1
Cmd: preprocess
  insize=1524 outsize=883 ok=1
Cmd: preprocess
  insize=2361 outsize=2258 ok=1
Cmd: preprocess
  insize=1232 outsize=483 ok=1
Cmd: preprocess
  insize=2107 outsize=493 ok=1
Cmd: preprocess
  insize=1668 outsize=929 ok=1
